#
# There is insufficient memory for the Java Runtime Environment to continue.
# Native memory allocation (malloc) failed to allocate 1048576 bytes for AllocateHeap
# Possible reasons:
#   The system is out of physical RAM or swap space
#   The process is running with CompressedOops enabled, and the Java Heap may be blocking the growth of the native heap
# Possible solutions:
#   Reduce memory load on the system
#   Increase physical memory or swap space
#   Check if swap backing store is full
#   Decrease Java heap size (-Xmx/-Xms)
#   Decrease number of Java threads
#   Decrease Java thread stack sizes (-Xss)
#   Set larger code cache with -XX:ReservedCodeCacheSize=
#   JVM is running with Unscaled Compressed Oops mode in which the Java heap is
#     placed in the first 4GB address space. The Java Heap base address is the
#     maximum limit for the native heap growth. Please use -XX:HeapBaseMinAddress
#     to set the Java Heap base and to place the Java Heap above 4GB virtual address.
# This output file may be truncated or incomplete.
#
#  Out of Memory Error (./src/hotspot/share/memory/allocation.cpp:46), pid=5932, tid=18672
#
# JRE version:  (11.0.16.1+1) (build )
# Java VM: OpenJDK 64-Bit Server VM (11.0.16.1+1, mixed mode, sharing, tiered, compressed oops, g1 gc, windows-amd64)
# No core dump will be written. Minidumps are not enabled by default on client versions of Windows
#

---------------  S U M M A R Y ------------

Command Line: -Dorg.gradle.internal.worker.tmpdir=C:\Users\chern\IdeaProjects\order_card_homework2\build\tmp\test\work -Dorg.gradle.native=false -Dselenide.headless -agentlib:jdwp=transport=dt_socket,server=n,suspend=y,address=127.0.0.1:58458 --add-opens=java.base/java.util=ALL-UNNAMED --add-opens=java.base/java.lang=ALL-UNNAMED -Xmx512m -Dfile.encoding=windows-1251 -Duser.country=RU -Duser.language=ru -Duser.variant -ea worker.org.gradle.process.internal.worker.GradleWorkerMain 'Gradle Test Executor 18'

Host: AMD Ryzen 5 3500U with Radeon Vega Mobile Gfx  , 8 cores, 6G,  Windows 11 , 64 bit Build 22621 (10.0.22621.1105)
Time: Wed Feb  1 16:01:01 2023 RTZ 2 (s 11 , 64 bit Build 22621 (10.0.22621.1105) elapsed time: 0.054544 seconds (0d 0h 0m 0s)

---------------  T H R E A D  ---------------

Current thread (0x000001cb84701000):  JavaThread "Unknown thread" [_thread_in_vm, id=18672, stack(0x000000093a500000,0x000000093a600000)]

Stack: [0x000000093a500000,0x000000093a600000]
Native frames: (J=compiled Java code, j=interpreted, Vv=VM code, C=native code)
V  [jvm.dll+0x61f18a]
V  [jvm.dll+0x7abb09]
V  [jvm.dll+0x7ad1f8]
V  [jvm.dll+0x7ad8d3]
V  [jvm.dll+0x24fc38]
V  [jvm.dll+0xb95f4]
V  [jvm.dll+0x2e0948]
V  [jvm.dll+0x785947]
V  [jvm.dll+0x7870df]
V  [jvm.dll+0x35f899]
V  [jvm.dll+0x7688c0]
V  [jvm.dll+0x3cd3bf]
V  [jvm.dll+0x3cf751]
C  [jli.dll+0x5207]
C  [ucrtbase.dll+0x29363]
C  [KERNEL32.DLL+0x126bd]
C  [ntdll.dll+0x5dfb8]


---------------  P R O C E S S  ---------------

Threads class SMR info:
_java_thread_list=0x000001cb825c9480, length=0, elements={
}

Java Threads: ( => current thread )

Other Threads:

=>0x000001cb84701000 (exited) JavaThread "Unknown thread" [_thread_in_vm, id=18672, stack(0x000000093a500000,0x000000093a600000)]

Threads with active compile tasks:

VM state:not at safepoint (not fully initialized)

VM Mutex/Monitor currently owned by a thread: None


[error occurred during error reporting (printing compressed oops mode), id 0xc0000005, EXCEPTION_ACCESS_VIOLATION (0xc0000005) at pc=0x00007ffee3556727]

GC Heap History (0 events):
No events

Deoptimization events (0 events):
No events

Classes redefined (0 events):
No events

Internal exceptions (0 events):
No events

Events (1 events):
Event: 0.045 Loaded shared library C:\Program Files\Eclipse Adoptium\jdk-11.0.16.101-hotspot\bin\zip.dll


Dynamic libraries:
0x00007ff6f3950000 - 0x00007ff6f395d000 	C:\Program Files\Eclipse Adoptium\jdk-11.0.16.101-hotspot\bin\java.exe
0x00007fff2b9d0000 - 0x00007fff2bbe4000 	C:\WINDOWS\SYSTEM32\ntdll.dll
0x00007fff29fd0000 - 0x00007fff2a093000 	C:\WINDOWS\System32\KERNEL32.DLL
0x00007fff29210000 - 0x00007fff295ad000 	C:\WINDOWS\System32\KERNELBASE.dll
0x00007fff28f50000 - 0x00007fff29061000 	C:\WINDOWS\System32\ucrtbase.dll
0x00007ffeffc00000 - 0x00007ffeffc15000 	C:\Program Files\Eclipse Adoptium\jdk-11.0.16.101-hotspot\bin\VCRUNTIME140.dll
0x00007fff15e10000 - 0x00007fff15e27000 	C:\Program Files\Eclipse Adoptium\jdk-11.0.16.101-hotspot\bin\jli.dll
0x00007fff297c0000 - 0x00007fff2996d000 	C:\WINDOWS\System32\USER32.dll
0x00007fff0f1d0000 - 0x00007fff0f45e000 	C:\WINDOWS\WinSxS\amd64_microsoft.windows.common-controls_6595b64144ccf1df_6.0.22621.608_none_a9444ca7c10bb01d\COMCTL32.dll
0x00007fff2b8e0000 - 0x00007fff2b987000 	C:\WINDOWS\System32\msvcrt.dll
0x00007fff29790000 - 0x00007fff297b6000 	C:\WINDOWS\System32\win32u.dll
0x00007fff2a190000 - 0x00007fff2a1b9000 	C:\WINDOWS\System32\GDI32.dll
0x00007fff29070000 - 0x00007fff29182000 	C:\WINDOWS\System32\gdi32full.dll
0x00007fff28eb0000 - 0x00007fff28f4a000 	C:\WINDOWS\System32\msvcp_win.dll
0x00007fff2b700000 - 0x00007fff2b732000 	C:\WINDOWS\System32\IMM32.DLL
0x00007ffeed7b0000 - 0x00007ffeed84b000 	C:\Program Files\Eclipse Adoptium\jdk-11.0.16.101-hotspot\bin\msvcp140.dll
0x00007ffee2dd0000 - 0x00007ffee3952000 	C:\Program Files\Eclipse Adoptium\jdk-11.0.16.101-hotspot\bin\server\jvm.dll
0x00007fff2a790000 - 0x00007fff2a83e000 	C:\WINDOWS\System32\ADVAPI32.dll
0x00007fff2a8d0000 - 0x00007fff2a974000 	C:\WINDOWS\System32\sechost.dll
0x00007fff2b170000 - 0x00007fff2b285000 	C:\WINDOWS\System32\RPCRT4.dll
0x00007fff2b570000 - 0x00007fff2b578000 	C:\WINDOWS\System32\PSAPI.DLL
0x00007fff25ea0000 - 0x00007fff25ea9000 	C:\WINDOWS\SYSTEM32\WSOCK32.dll
0x00007fff2a840000 - 0x00007fff2a8b1000 	C:\WINDOWS\System32\WS2_32.dll
0x00007fff25bb0000 - 0x00007fff25be4000 	C:\WINDOWS\SYSTEM32\WINMM.dll
0x00007fff22ba0000 - 0x00007fff22baa000 	C:\WINDOWS\SYSTEM32\VERSION.dll
0x00007fff27e10000 - 0x00007fff27e28000 	C:\WINDOWS\SYSTEM32\kernel.appcore.dll
0x00007fff1f0d0000 - 0x00007fff1f0e0000 	C:\Program Files\Eclipse Adoptium\jdk-11.0.16.101-hotspot\bin\verify.dll
0x00007fff264a0000 - 0x00007fff266ce000 	C:\WINDOWS\SYSTEM32\DBGHELP.DLL
0x00007fff2a250000 - 0x00007fff2a5da000 	C:\WINDOWS\System32\combase.dll
0x00007fff2a0a0000 - 0x00007fff2a177000 	C:\WINDOWS\System32\OLEAUT32.dll
0x00007fff1f660000 - 0x00007fff1f692000 	C:\WINDOWS\SYSTEM32\dbgcore.DLL
0x00007fff29190000 - 0x00007fff2920b000 	C:\WINDOWS\System32\bcryptPrimitives.dll
0x00007ffeff0e0000 - 0x00007ffeff108000 	C:\Program Files\Eclipse Adoptium\jdk-11.0.16.101-hotspot\bin\java.dll
0x00007fff1ec30000 - 0x00007fff1ec3a000 	C:\Program Files\Eclipse Adoptium\jdk-11.0.16.101-hotspot\bin\jimage.dll
0x00007fff1f5b0000 - 0x00007fff1f5e8000 	C:\Program Files\Eclipse Adoptium\jdk-11.0.16.101-hotspot\bin\jdwp.dll
0x00007ffefde40000 - 0x00007ffefde58000 	C:\Program Files\Eclipse Adoptium\jdk-11.0.16.101-hotspot\bin\zip.dll

dbghelp: loaded successfully - version: 4.0.5 - missing functions: none
symbol engine: initialized successfully - sym options: 0x614 - pdb path: .;C:\Program Files\Eclipse Adoptium\jdk-11.0.16.101-hotspot\bin;C:\WINDOWS\SYSTEM32;C:\WINDOWS\WinSxS\amd64_microsoft.windows.common-controls_6595b64144ccf1df_6.0.22621.608_none_a9444ca7c10bb01d;C:\Program Files\Eclipse Adoptium\jdk-11.0.16.101-hotspot\bin\server

VM Arguments:
jvm_args: -Dorg.gradle.internal.worker.tmpdir=C:\Users\chern\IdeaProjects\order_card_homework2\build\tmp\test\work -Dorg.gradle.native=false -Dselenide.headless -agentlib:jdwp=transport=dt_socket,server=n,suspend=y,address=127.0.0.1:58458 --add-opens=java.base/java.util=ALL-UNNAMED --add-opens=java.base/java.lang=ALL-UNNAMED -Xmx512m -Dfile.encoding=windows-1251 -Duser.country=RU -Duser.language=ru -Duser.variant -ea 
java_command: worker.org.gradle.process.internal.worker.GradleWorkerMain 'Gradle Test Executor 18'
java_class_path (initial): C:\\Users\\chern\\.gradle\\caches\\7.4\\workerMain\\gradle-worker.jar;C:\\Users\\chern\\IdeaProjects\\order_card_homework2\\build\\classes\\java\\test;C:\\Users\\chern\\.gradle\\caches\\modules-2\\files-2.1\\org.junit.jupiter\\junit-jupiter-params\\5.7.0\\521dbecace93d5d7ef13a74aab231befd7954424\\junit-jupiter-params-5.7.0.jar;C:\\Users\\chern\\.gradle\\caches\\modules-2\\files-2.1\\org.junit.jupiter\\junit-jupiter-engine\\5.7.0\\d9044d6b45e2232ddd53fa56c15333e43d1749fd\\junit-jupiter-engine-5.7.0.jar;C:\\Users\\chern\\.gradle\\caches\\modules-2\\files-2.1\\org.junit.jupiter\\junit-jupiter-api\\5.7.0\\b25f3815c4c1860a73041e733a14a0379d00c4d5\\junit-jupiter-api-5.7.0.jar;C:\\Users\\chern\\.gradle\\caches\\modules-2\\files-2.1\\org.junit.platform\\junit-platform-engine\\1.7.0\\eadb73c5074a4ac71061defd00fc176152a4d12c\\junit-platform-engine-1.7.0.jar;C:\\Users\\chern\\.gradle\\caches\\modules-2\\files-2.1\\org.junit.platform\\junit-platform-commons\\1.7.0\\84e309fbf21d857aac079a3c1fffd84284e1114d\\junit-platform-commons-1.7.0.jar;C:\\Users\\chern\\.gradle\\caches\\modules-2\\files-2.1\\org.junit.jupiter\\junit-jupiter\\5.7.0\\3152d152da916ccbb0715f89f7f873f45362ad7f\\junit-jupiter-5.7.0.jar;C:\\Users\\chern\\.gradle\\caches\\modules-2\\files-2.1\\com.codeborne\\selenide\\5.19.0\\99cc6919185ee1e6a028e431f20c024478e45f25\\selenide-5.19.0.jar;C:\\Users\\chern\\.gradle\\caches\\modules-2\\files-2.1\\com.github.javafaker\\javafaker\\1.0.2\\be0ff271b1208416822db4438864df47f90af92f\\javafaker-1.0.2.jar;C:\\Users\\chern\\.gradle\\caches\\modules-2\\files-2.1\\io.rest-assured\\rest-assured\\4.3.3\\ba5ab43893614c8381d03b090577d2dc0bb5dad\\rest-assured-4.3.3.jar;C:\\Users\\chern\\.gradle\\caches\\modules-2\\files-2.1\\io.github.bonigarcia\\webdrivermanager\\4.3.1\\56ea884495b0265e86844b77dba57667dfdb0770\\webdrivermanager-4.3.1.jar;C:\\Users\\chern\\.gradle\\caches\\modules-2\\files-2.1\\com.google.code.gson\\gson\\2.8.6\\9180733b7df8542621dc12e21e875
Launcher Type: SUN_STANDARD

[Global flags]
     intx CICompilerCount                          = 4                                         {product} {ergonomic}
     uint G1ConcRefinementThreads                  = 8                                         {product} {ergonomic}
   size_t G1HeapRegionSize                         = 1048576                                   {product} {ergonomic}
    uintx GCDrainStackTargetSize                   = 64                                        {product} {ergonomic}
   size_t InitialHeapSize                          = 117440512                                 {product} {ergonomic}
   size_t MaxHeapSize                              = 536870912                                 {product} {command line}
   size_t MinHeapDeltaBytes                        = 1048576                                   {product} {ergonomic}
    uintx NonNMethodCodeHeapSize                   = 5836300                                {pd product} {ergonomic}
    uintx NonProfiledCodeHeapSize                  = 122910970                              {pd product} {ergonomic}
    uintx ProfiledCodeHeapSize                     = 122910970                              {pd product} {ergonomic}
    uintx ReservedCodeCacheSize                    = 251658240                              {pd product} {ergonomic}
     bool SegmentedCodeCache                       = true                                      {product} {ergonomic}
     bool UseCompressedClassPointers               = true                                 {lp64_product} {ergonomic}
     bool UseCompressedOops                        = true                                 {lp64_product} {ergonomic}
     bool UseG1GC                                  = true                                      {product} {ergonomic}
     bool UseLargePagesIndividualAllocation        = false                                  {pd product} {ergonomic}

Logging:
Log output configuration:
 #0: stdout all=warning uptime,level,tags
 #1: stderr all=off uptime,level,tags

Environment Variables:
PATH=C:\Program Files\Eclipse Adoptium\jdk-11.0.16.101-hotspot\bin;C:\Program Files\Eclipse Adoptium\jdk-11.0.16.8-hotspot\bin;C:\WINDOWS\system32;C:\WINDOWS;C:\WINDOWS\System32\Wbem;C:\WINDOWS\System32\WindowsPowerShell\v1.0\;C:\WINDOWS\System32\OpenSSH\;C:\Program Files\Git\cmd;C:\Users\chern\AppData\Local\Microsoft\WindowsApps;;C:\Users\chern\AppData\Local\Programs\Microsoft VS Code\bin
USERNAME=chern
OS=Windows_NT
PROCESSOR_IDENTIFIER=AMD64 Family 23 Model 24 Stepping 1, AuthenticAMD
TMP=C:\Users\chern\AppData\Local\Temp
TEMP=C:\Users\chern\AppData\Local\Temp



---------------  S Y S T E M  ---------------

OS: Windows 11 , 64 bit Build 22621 (10.0.22621.1105)
OS uptime: 1 days 17:34 hours
Hyper-V role detected

CPU:total 8 (initial active 8) (8 cores per cpu, 2 threads per core) family 23 model 24 stepping 1 microcode 0x0, cmov, cx8, fxsr, mmx, sse, sse2, sse3, ssse3, sse4.1, sse4.2, popcnt, avx, avx2, aes, clmul, mmxext, 3dnowpref, lzcnt, sse4a, ht, tsc, tscinvbit, tscinv, bmi1, bmi2, adx, sha, fma

Memory: 4k page, system-wide physical 7103M (276M free)
TotalPageFile size 17343M (AvailPageFile size 5M)
current process WorkingSet (physical memory assigned to process): 10M, peak: 10M
current process commit charge ("private bytes"): 12M, peak: 13M

vm_info: OpenJDK 64-Bit Server VM (11.0.16.1+1) for windows-amd64 JRE (11.0.16.1+1), built on Aug 16 2022 02:58:04 by "" with MS VC++ 15.9 (VS2017)

END.
